Using pre-set license
Built from '2021.3/staging' branch; Version is '2021.3.6f1 (7da38d85baf6) revision 8233869'; Using compiler version '192829333'; Build Type 'Release'
OS: 'Windows 10  (10.0.19044) 64bit Core' Language: 'da' Physical Memory: 32674 MB
BatchMode: 1, IsHumanControllingUs: 0, StartBugReporterOnCrash: 0, Is64bit: 1, IsPro: 1

COMMAND LINE ARGUMENTS:
C:\Program Files\Unity\Hub\Editor\2021.3.6f1\Editor\Unity.exe
-adb2
-batchMode
-noUpm
-name
AssetImportWorker1
-projectPath
C:/gusta/Documents/GitHub/GMTGameJam/GMTK22
-logFile
Logs/AssetImportWorker1.log
-srvPort
50269
Successfully changed project path to: C:/gusta/Documents/GitHub/GMTGameJam/GMTK22
C:/gusta/Documents/GitHub/GMTGameJam/GMTK22
[UnityMemory] Configuration Parameters - Can be set up in boot.config
    "memorysetup-bucket-allocator-granularity=16"
    "memorysetup-bucket-allocator-bucket-count=8"
    "memorysetup-bucket-allocator-block-size=33554432"
    "memorysetup-bucket-allocator-block-count=8"
    "memorysetup-main-allocator-block-size=16777216"
    "memorysetup-thread-allocator-block-size=16777216"
    "memorysetup-gfx-main-allocator-block-size=16777216"
    "memorysetup-gfx-thread-allocator-block-size=16777216"
    "memorysetup-cache-allocator-block-size=4194304"
    "memorysetup-typetree-allocator-block-size=2097152"
    "memorysetup-profiler-bucket-allocator-granularity=16"
    "memorysetup-profiler-bucket-allocator-bucket-count=8"
    "memorysetup-profiler-bucket-allocator-block-size=33554432"
    "memorysetup-profiler-bucket-allocator-block-count=8"
    "memorysetup-profiler-allocator-block-size=16777216"
    "memorysetup-profiler-editor-allocator-block-size=1048576"
    "memorysetup-temp-allocator-size-main=16777216"
    "memorysetup-job-temp-allocator-block-size=2097152"
    "memorysetup-job-temp-allocator-block-size-background=1048576"
    "memorysetup-job-temp-allocator-reduction-small-platforms=262144"
    "memorysetup-temp-allocator-size-background-worker=32768"
    "memorysetup-temp-allocator-size-job-worker=262144"
    "memorysetup-temp-allocator-size-preload-manager=33554432"
    "memorysetup-temp-allocator-size-nav-mesh-worker=65536"
    "memorysetup-temp-allocator-size-audio-worker=65536"
    "memorysetup-temp-allocator-size-cloud-worker=32768"
    "memorysetup-temp-allocator-size-gi-baking-worker=262144"
    "memorysetup-temp-allocator-size-gfx=262144"
Refreshing native plugins compatible for Editor in 72.65 ms, found 4 plugins.
Preloading 0 native plugins for Editor in 0.00 ms.
Initialize engine version: 2021.3.6f1 (7da38d85baf6)
[Subsystems] Discovering subsystems at path C:/Program Files/Unity/Hub/Editor/2021.3.6f1/Editor/Data/Resources/UnitySubsystems
[Subsystems] Discovering subsystems at path C:/gusta/Documents/GitHub/GMTGameJam/GMTK22/Assets
GfxDevice: creating device client; threaded=0; jobified=0
Direct3D:
    Version:  Direct3D 11.0 [level 11.1]
    Renderer: NVIDIA GeForce RTX 3070 (ID=0x2484)
    Vendor:   NVIDIA
    VRAM:     8043 MB
    Driver:   30.0.14.9649
Initialize mono
Mono path[0] = 'C:/Program Files/Unity/Hub/Editor/2021.3.6f1/Editor/Data/Managed'
Mono path[1] = 'C:/Program Files/Unity/Hub/Editor/2021.3.6f1/Editor/Data/MonoBleedingEdge/lib/mono/unityjit-win32'
Mono config path = 'C:/Program Files/Unity/Hub/Editor/2021.3.6f1/Editor/Data/MonoBleedingEdge/etc'
Using monoOptions --debugger-agent=transport=dt_socket,embedding=1,server=y,suspend=n,address=127.0.0.1:56752
Begin MonoManager ReloadAssembly
Registering precompiled unity dll's ...
Register platform support module: C:/Program Files/Unity/Hub/Editor/2021.3.6f1/Editor/Data/PlaybackEngines/WebGLSupport/UnityEditor.WebGL.Extensions.dll
Register platform support module: C:/Program Files/Unity/Hub/Editor/2021.3.6f1/Editor/Data/PlaybackEngines/WindowsStandaloneSupport/UnityEditor.WindowsStandalone.Extensions.dll
Registered in 0.007155 seconds.
Native extension for WindowsStandalone target not found
Native extension for WebGL target not found
Refreshing native plugins compatible for Editor in 90.01 ms, found 4 plugins.
Preloading 0 native plugins for Editor in 0.00 ms.
Mono: successfully reloaded assembly
- Completed reload, in  0.548 seconds
Domain Reload Profiling:
	ReloadAssembly (549ms)
		BeginReloadAssembly (58ms)
			ExecutionOrderSort (0ms)
			DisableScriptedObjects (0ms)
			BackupInstance (0ms)
			ReleaseScriptingObjects (0ms)
			CreateAndSetChildDomain (0ms)
		EndReloadAssembly (396ms)
			LoadAssemblies (56ms)
			RebuildTransferFunctionScriptingTraits (0ms)
			SetupTypeCache (80ms)
			ReleaseScriptCaches (0ms)
			RebuildScriptCaches (19ms)
			SetupLoadedEditorAssemblies (256ms)
				LogAssemblyErrors (0ms)
				InitializePlatformSupportModulesInManaged (9ms)
				SetLoadedEditorAssemblies (0ms)
				RefreshPlugins (90ms)
				BeforeProcessingInitializeOnLoad (1ms)
				ProcessInitializeOnLoadAttributes (115ms)
				ProcessInitializeOnLoadMethodAttributes (41ms)
				AfterProcessingInitializeOnLoad (0ms)
				EditorAssembliesLoaded (0ms)
			ExecutionOrderSort2 (0ms)
			AwakeInstancesAfterBackupRestoration (0ms)
Platform modules already initialized, skipping
Registering precompiled user dll's ...
Registered in 0.007131 seconds.
Begin MonoManager ReloadAssembly
Native extension for WindowsStandalone target not found
Native extension for WebGL target not found
Refreshing native plugins compatible for Editor in 77.20 ms, found 4 plugins.
Preloading 0 native plugins for Editor in 0.00 ms.
Mono: successfully reloaded assembly
- Completed reload, in  0.963 seconds
Domain Reload Profiling:
	ReloadAssembly (964ms)
		BeginReloadAssembly (90ms)
			ExecutionOrderSort (0ms)
			DisableScriptedObjects (4ms)
			BackupInstance (0ms)
			ReleaseScriptingObjects (0ms)
			CreateAndSetChildDomain (18ms)
		EndReloadAssembly (781ms)
			LoadAssemblies (70ms)
			RebuildTransferFunctionScriptingTraits (0ms)
			SetupTypeCache (189ms)
			ReleaseScriptCaches (1ms)
			RebuildScriptCaches (42ms)
			SetupLoadedEditorAssemblies (438ms)
				LogAssemblyErrors (0ms)
				InitializePlatformSupportModulesInManaged (5ms)
				SetLoadedEditorAssemblies (0ms)
				RefreshPlugins (77ms)
				BeforeProcessingInitializeOnLoad (88ms)
				ProcessInitializeOnLoadAttributes (229ms)
				ProcessInitializeOnLoadMethodAttributes (31ms)
				AfterProcessingInitializeOnLoad (8ms)
				EditorAssembliesLoaded (0ms)
			ExecutionOrderSort2 (0ms)
			AwakeInstancesAfterBackupRestoration (11ms)
Platform modules already initialized, skipping
========================================================================
Worker process is ready to serve import requests
Launched and connected shader compiler UnityShaderCompiler.exe after 0.03 seconds
Refreshing native plugins compatible for Editor in 0.70 ms, found 4 plugins.
Preloading 0 native plugins for Editor in 0.00 ms.
Unloading 4397 Unused Serialized files (Serialized files now loaded: 0)
Unloading 47 unused Assets / (223.0 KB). Loaded Objects now: 4848.
Memory consumption went from 164.0 MB to 163.7 MB.
Total: 3.438200 ms (FindLiveObjects: 0.450100 ms CreateObjectMapping: 0.294600 ms MarkObjects: 2.557100 ms  DeleteObjects: 0.135700 ms)

AssetImportParameters requested are different than current active one (requested -> active):
  custom:video-decoder-ogg-theora: a1e56fd34408186e4bbccfd4996cb3dc -> 
  custom:container-muxer-webm: aa71ff27fc2769a1b78a27578f13a17b -> 
  custom:container-demuxer-webm: 4f35f7cbe854078d1ac9338744f61a02 -> 
  custom:video-encoder-webm-vp8: eb34c28f22e8b96e1ab97ce403110664 -> 
  custom:audio-encoder-webm-vorbis: bf7c407c2cedff20999df2af8eb42d56 -> 
  custom:framework-win-MediaFoundation: 216162199b28c13a410421893ffa2e32 -> 
  custom:container-demuxer-ogg: 62fdf1f143b41e24485cea50d1cbac27 -> 
  custom:video-decoder-webm-vp8: 9c59270c3fd7afecdb556c50c9e8de78 -> 
  custom:audio-decoder-ogg-vorbis: bf7c407c2cedff20999df2af8eb42d56 -> 
========================================================================
Received Prepare
Registering precompiled user dll's ...
Registered in 0.006233 seconds.
Begin MonoManager ReloadAssembly
Native extension for WindowsStandalone target not found
Native extension for WebGL target not found
Refreshing native plugins compatible for Editor in 0.72 ms, found 4 plugins.
Preloading 0 native plugins for Editor in 0.00 ms.
Mono: successfully reloaded assembly
- Completed reload, in  0.753 seconds
Domain Reload Profiling:
	ReloadAssembly (754ms)
		BeginReloadAssembly (103ms)
			ExecutionOrderSort (0ms)
			DisableScriptedObjects (5ms)
			BackupInstance (0ms)
			ReleaseScriptingObjects (0ms)
			CreateAndSetChildDomain (29ms)
		EndReloadAssembly (580ms)
			LoadAssemblies (66ms)
			RebuildTransferFunctionScriptingTraits (0ms)
			SetupTypeCache (154ms)
			ReleaseScriptCaches (1ms)
			RebuildScriptCaches (28ms)
			SetupLoadedEditorAssemblies (288ms)
				LogAssemblyErrors (0ms)
				InitializePlatformSupportModulesInManaged (11ms)
				SetLoadedEditorAssemblies (0ms)
				RefreshPlugins (1ms)
				BeforeProcessingInitializeOnLoad (59ms)
				ProcessInitializeOnLoadAttributes (184ms)
				ProcessInitializeOnLoadMethodAttributes (26ms)
				AfterProcessingInitializeOnLoad (7ms)
				EditorAssembliesLoaded (0ms)
			ExecutionOrderSort2 (0ms)
			AwakeInstancesAfterBackupRestoration (13ms)
Platform modules already initialized, skipping
Refreshing native plugins compatible for Editor in 2.02 ms, found 4 plugins.
Preloading 0 native plugins for Editor in 0.00 ms.
Unloading 4391 Unused Serialized files (Serialized files now loaded: 0)
Unloading 33 unused Assets / (190.1 KB). Loaded Objects now: 4850.
Memory consumption went from 163.9 MB to 163.7 MB.
Total: 2.688600 ms (FindLiveObjects: 0.213800 ms CreateObjectMapping: 0.083100 ms MarkObjects: 2.289100 ms  DeleteObjects: 0.102100 ms)

AssetImportParameters requested are different than current active one (requested -> active):
  custom:video-decoder-ogg-theora: a1e56fd34408186e4bbccfd4996cb3dc -> 
  custom:container-muxer-webm: aa71ff27fc2769a1b78a27578f13a17b -> 
  custom:container-demuxer-webm: 4f35f7cbe854078d1ac9338744f61a02 -> 
  custom:video-encoder-webm-vp8: eb34c28f22e8b96e1ab97ce403110664 -> 
  custom:audio-encoder-webm-vorbis: bf7c407c2cedff20999df2af8eb42d56 -> 
  custom:framework-win-MediaFoundation: 216162199b28c13a410421893ffa2e32 -> 
  custom:container-demuxer-ogg: 62fdf1f143b41e24485cea50d1cbac27 -> 
  custom:video-decoder-webm-vp8: 9c59270c3fd7afecdb556c50c9e8de78 -> 
  custom:audio-decoder-ogg-vorbis: bf7c407c2cedff20999df2af8eb42d56 -> 
========================================================================
Received Prepare
Registering precompiled user dll's ...
Registered in 0.006333 seconds.
Begin MonoManager ReloadAssembly
Native extension for WindowsStandalone target not found
Native extension for WebGL target not found
Refreshing native plugins compatible for Editor in 0.56 ms, found 4 plugins.
Preloading 0 native plugins for Editor in 0.00 ms.
Mono: successfully reloaded assembly
- Completed reload, in  0.764 seconds
Domain Reload Profiling:
	ReloadAssembly (764ms)
		BeginReloadAssembly (102ms)
			ExecutionOrderSort (0ms)
			DisableScriptedObjects (5ms)
			BackupInstance (0ms)
			ReleaseScriptingObjects (0ms)
			CreateAndSetChildDomain (29ms)
		EndReloadAssembly (593ms)
			LoadAssemblies (65ms)
			RebuildTransferFunctionScriptingTraits (0ms)
			SetupTypeCache (168ms)
			ReleaseScriptCaches (1ms)
			RebuildScriptCaches (30ms)
			SetupLoadedEditorAssemblies (287ms)
				LogAssemblyErrors (0ms)
				InitializePlatformSupportModulesInManaged (10ms)
				SetLoadedEditorAssemblies (0ms)
				RefreshPlugins (1ms)
				BeforeProcessingInitializeOnLoad (63ms)
				ProcessInitializeOnLoadAttributes (179ms)
				ProcessInitializeOnLoadMethodAttributes (26ms)
				AfterProcessingInitializeOnLoad (8ms)
				EditorAssembliesLoaded (0ms)
			ExecutionOrderSort2 (0ms)
			AwakeInstancesAfterBackupRestoration (12ms)
Platform modules already initialized, skipping
Refreshing native plugins compatible for Editor in 2.01 ms, found 4 plugins.
Preloading 0 native plugins for Editor in 0.00 ms.
Unloading 4391 Unused Serialized files (Serialized files now loaded: 0)
Unloading 32 unused Assets / (190.3 KB). Loaded Objects now: 4853.
Memory consumption went from 163.9 MB to 163.7 MB.
Total: 2.948400 ms (FindLiveObjects: 0.251700 ms CreateObjectMapping: 0.114200 ms MarkObjects: 2.470900 ms  DeleteObjects: 0.110500 ms)

AssetImportParameters requested are different than current active one (requested -> active):
  custom:video-decoder-ogg-theora: a1e56fd34408186e4bbccfd4996cb3dc -> 
  custom:container-muxer-webm: aa71ff27fc2769a1b78a27578f13a17b -> 
  custom:container-demuxer-webm: 4f35f7cbe854078d1ac9338744f61a02 -> 
  custom:video-encoder-webm-vp8: eb34c28f22e8b96e1ab97ce403110664 -> 
  custom:audio-encoder-webm-vorbis: bf7c407c2cedff20999df2af8eb42d56 -> 
  custom:framework-win-MediaFoundation: 216162199b28c13a410421893ffa2e32 -> 
  custom:container-demuxer-ogg: 62fdf1f143b41e24485cea50d1cbac27 -> 
  custom:video-decoder-webm-vp8: 9c59270c3fd7afecdb556c50c9e8de78 -> 
  custom:audio-decoder-ogg-vorbis: bf7c407c2cedff20999df2af8eb42d56 -> 
========================================================================
Received Prepare
Registering precompiled user dll's ...
Registered in 0.006291 seconds.
Begin MonoManager ReloadAssembly
Native extension for WindowsStandalone target not found
Native extension for WebGL target not found
Refreshing native plugins compatible for Editor in 0.92 ms, found 4 plugins.
Preloading 0 native plugins for Editor in 0.00 ms.
Mono: successfully reloaded assembly
- Completed reload, in  0.785 seconds
Domain Reload Profiling:
	ReloadAssembly (786ms)
		BeginReloadAssembly (105ms)
			ExecutionOrderSort (0ms)
			DisableScriptedObjects (5ms)
			BackupInstance (0ms)
			ReleaseScriptingObjects (0ms)
			CreateAndSetChildDomain (29ms)
		EndReloadAssembly (607ms)
			LoadAssemblies (69ms)
			RebuildTransferFunctionScriptingTraits (0ms)
			SetupTypeCache (159ms)
			ReleaseScriptCaches (1ms)
			RebuildScriptCaches (29ms)
			SetupLoadedEditorAssemblies (306ms)
				LogAssemblyErrors (0ms)
				InitializePlatformSupportModulesInManaged (13ms)
				SetLoadedEditorAssemblies (0ms)
				RefreshPlugins (1ms)
				BeforeProcessingInitializeOnLoad (62ms)
				ProcessInitializeOnLoadAttributes (198ms)
				ProcessInitializeOnLoadMethodAttributes (25ms)
				AfterProcessingInitializeOnLoad (8ms)
				EditorAssembliesLoaded (0ms)
			ExecutionOrderSort2 (0ms)
			AwakeInstancesAfterBackupRestoration (12ms)
Platform modules already initialized, skipping
Refreshing native plugins compatible for Editor in 2.24 ms, found 4 plugins.
Preloading 0 native plugins for Editor in 0.00 ms.
Unloading 4391 Unused Serialized files (Serialized files now loaded: 0)
Unloading 32 unused Assets / (190.8 KB). Loaded Objects now: 4856.
Memory consumption went from 163.9 MB to 163.7 MB.
Total: 2.863600 ms (FindLiveObjects: 0.246600 ms CreateObjectMapping: 0.084600 ms MarkObjects: 2.385700 ms  DeleteObjects: 0.145800 ms)

AssetImportParameters requested are different than current active one (requested -> active):
  custom:video-decoder-ogg-theora: a1e56fd34408186e4bbccfd4996cb3dc -> 
  custom:container-muxer-webm: aa71ff27fc2769a1b78a27578f13a17b -> 
  custom:container-demuxer-webm: 4f35f7cbe854078d1ac9338744f61a02 -> 
  custom:video-encoder-webm-vp8: eb34c28f22e8b96e1ab97ce403110664 -> 
  custom:audio-encoder-webm-vorbis: bf7c407c2cedff20999df2af8eb42d56 -> 
  custom:framework-win-MediaFoundation: 216162199b28c13a410421893ffa2e32 -> 
  custom:container-demuxer-ogg: 62fdf1f143b41e24485cea50d1cbac27 -> 
  custom:video-decoder-webm-vp8: 9c59270c3fd7afecdb556c50c9e8de78 -> 
  custom:audio-decoder-ogg-vorbis: bf7c407c2cedff20999df2af8eb42d56 -> 
========================================================================
Received Prepare
Registering precompiled user dll's ...
Registered in 0.006611 seconds.
Begin MonoManager ReloadAssembly
Native extension for WindowsStandalone target not found
Native extension for WebGL target not found
Refreshing native plugins compatible for Editor in 0.81 ms, found 4 plugins.
Preloading 0 native plugins for Editor in 0.00 ms.
Mono: successfully reloaded assembly
- Completed reload, in  0.781 seconds
Domain Reload Profiling:
	ReloadAssembly (782ms)
		BeginReloadAssembly (105ms)
			ExecutionOrderSort (0ms)
			DisableScriptedObjects (5ms)
			BackupInstance (0ms)
			ReleaseScriptingObjects (0ms)
			CreateAndSetChildDomain (30ms)
		EndReloadAssembly (605ms)
			LoadAssemblies (67ms)
			RebuildTransferFunctionScriptingTraits (0ms)
			SetupTypeCache (161ms)
			ReleaseScriptCaches (1ms)
			RebuildScriptCaches (29ms)
			SetupLoadedEditorAssemblies (303ms)
				LogAssemblyErrors (0ms)
				InitializePlatformSupportModulesInManaged (14ms)
				SetLoadedEditorAssemblies (0ms)
				RefreshPlugins (1ms)
				BeforeProcessingInitializeOnLoad (62ms)
				ProcessInitializeOnLoadAttributes (189ms)
				ProcessInitializeOnLoadMethodAttributes (28ms)
				AfterProcessingInitializeOnLoad (8ms)
				EditorAssembliesLoaded (0ms)
			ExecutionOrderSort2 (0ms)
			AwakeInstancesAfterBackupRestoration (14ms)
Platform modules already initialized, skipping
Refreshing native plugins compatible for Editor in 2.37 ms, found 4 plugins.
Preloading 0 native plugins for Editor in 0.00 ms.
Unloading 4391 Unused Serialized files (Serialized files now loaded: 0)
Unloading 32 unused Assets / (189.8 KB). Loaded Objects now: 4859.
Memory consumption went from 163.9 MB to 163.7 MB.
Total: 2.721200 ms (FindLiveObjects: 0.253600 ms CreateObjectMapping: 0.085300 ms MarkObjects: 2.278800 ms  DeleteObjects: 0.103100 ms)

AssetImportParameters requested are different than current active one (requested -> active):
  custom:video-decoder-ogg-theora: a1e56fd34408186e4bbccfd4996cb3dc -> 
  custom:container-muxer-webm: aa71ff27fc2769a1b78a27578f13a17b -> 
  custom:container-demuxer-webm: 4f35f7cbe854078d1ac9338744f61a02 -> 
  custom:video-encoder-webm-vp8: eb34c28f22e8b96e1ab97ce403110664 -> 
  custom:audio-encoder-webm-vorbis: bf7c407c2cedff20999df2af8eb42d56 -> 
  custom:framework-win-MediaFoundation: 216162199b28c13a410421893ffa2e32 -> 
  custom:container-demuxer-ogg: 62fdf1f143b41e24485cea50d1cbac27 -> 
  custom:video-decoder-webm-vp8: 9c59270c3fd7afecdb556c50c9e8de78 -> 
  custom:audio-decoder-ogg-vorbis: bf7c407c2cedff20999df2af8eb42d56 -> 
========================================================================
Received Prepare
Registering precompiled user dll's ...
Registered in 0.007258 seconds.
Begin MonoManager ReloadAssembly
Native extension for WindowsStandalone target not found
Native extension for WebGL target not found
Refreshing native plugins compatible for Editor in 0.77 ms, found 4 plugins.
Preloading 0 native plugins for Editor in 0.00 ms.
Mono: successfully reloaded assembly
- Completed reload, in  0.778 seconds
Domain Reload Profiling:
	ReloadAssembly (779ms)
		BeginReloadAssembly (106ms)
			ExecutionOrderSort (0ms)
			DisableScriptedObjects (5ms)
			BackupInstance (0ms)
			ReleaseScriptingObjects (0ms)
			CreateAndSetChildDomain (29ms)
		EndReloadAssembly (600ms)
			LoadAssemblies (71ms)
			RebuildTransferFunctionScriptingTraits (0ms)
			SetupTypeCache (159ms)
			ReleaseScriptCaches (1ms)
			RebuildScriptCaches (30ms)
			SetupLoadedEditorAssemblies (297ms)
				LogAssemblyErrors (0ms)
				InitializePlatformSupportModulesInManaged (11ms)
				SetLoadedEditorAssemblies (0ms)
				RefreshPlugins (1ms)
				BeforeProcessingInitializeOnLoad (61ms)
				ProcessInitializeOnLoadAttributes (186ms)
				ProcessInitializeOnLoadMethodAttributes (30ms)
				AfterProcessingInitializeOnLoad (8ms)
				EditorAssembliesLoaded (0ms)
			ExecutionOrderSort2 (0ms)
			AwakeInstancesAfterBackupRestoration (13ms)
Platform modules already initialized, skipping
Refreshing native plugins compatible for Editor in 2.20 ms, found 4 plugins.
Preloading 0 native plugins for Editor in 0.00 ms.
Unloading 4391 Unused Serialized files (Serialized files now loaded: 0)
Unloading 32 unused Assets / (189.8 KB). Loaded Objects now: 4862.
Memory consumption went from 163.9 MB to 163.7 MB.
Total: 2.626800 ms (FindLiveObjects: 0.229800 ms CreateObjectMapping: 0.081600 ms MarkObjects: 2.210800 ms  DeleteObjects: 0.104100 ms)

AssetImportParameters requested are different than current active one (requested -> active):
  custom:video-decoder-ogg-theora: a1e56fd34408186e4bbccfd4996cb3dc -> 
  custom:container-muxer-webm: aa71ff27fc2769a1b78a27578f13a17b -> 
  custom:container-demuxer-webm: 4f35f7cbe854078d1ac9338744f61a02 -> 
  custom:video-encoder-webm-vp8: eb34c28f22e8b96e1ab97ce403110664 -> 
  custom:audio-encoder-webm-vorbis: bf7c407c2cedff20999df2af8eb42d56 -> 
  custom:framework-win-MediaFoundation: 216162199b28c13a410421893ffa2e32 -> 
  custom:container-demuxer-ogg: 62fdf1f143b41e24485cea50d1cbac27 -> 
  custom:video-decoder-webm-vp8: 9c59270c3fd7afecdb556c50c9e8de78 -> 
  custom:audio-decoder-ogg-vorbis: bf7c407c2cedff20999df2af8eb42d56 -> 
========================================================================
Received Prepare
Registering precompiled user dll's ...
Registered in 0.007293 seconds.
Begin MonoManager ReloadAssembly
Native extension for WindowsStandalone target not found
Native extension for WebGL target not found
Refreshing native plugins compatible for Editor in 1.17 ms, found 4 plugins.
Preloading 0 native plugins for Editor in 0.00 ms.
Mono: successfully reloaded assembly
- Completed reload, in  0.795 seconds
Domain Reload Profiling:
	ReloadAssembly (796ms)
		BeginReloadAssembly (107ms)
			ExecutionOrderSort (0ms)
			DisableScriptedObjects (5ms)
			BackupInstance (0ms)
			ReleaseScriptingObjects (0ms)
			CreateAndSetChildDomain (28ms)
		EndReloadAssembly (617ms)
			LoadAssemblies (66ms)
			RebuildTransferFunctionScriptingTraits (0ms)
			SetupTypeCache (157ms)
			ReleaseScriptCaches (1ms)
			RebuildScriptCaches (38ms)
			SetupLoadedEditorAssemblies (303ms)
				LogAssemblyErrors (0ms)
				InitializePlatformSupportModulesInManaged (11ms)
				SetLoadedEditorAssemblies (1ms)
				RefreshPlugins (1ms)
				BeforeProcessingInitializeOnLoad (61ms)
				ProcessInitializeOnLoadAttributes (195ms)
				ProcessInitializeOnLoadMethodAttributes (27ms)
				AfterProcessingInitializeOnLoad (7ms)
				EditorAssembliesLoaded (0ms)
			ExecutionOrderSort2 (0ms)
			AwakeInstancesAfterBackupRestoration (12ms)
Platform modules already initialized, skipping
Refreshing native plugins compatible for Editor in 2.16 ms, found 4 plugins.
Preloading 0 native plugins for Editor in 0.00 ms.
Unloading 4391 Unused Serialized files (Serialized files now loaded: 0)
Unloading 32 unused Assets / (189.9 KB). Loaded Objects now: 4865.
Memory consumption went from 163.9 MB to 163.7 MB.
Total: 2.735800 ms (FindLiveObjects: 0.242700 ms CreateObjectMapping: 0.161900 ms MarkObjects: 2.219400 ms  DeleteObjects: 0.110900 ms)

AssetImportParameters requested are different than current active one (requested -> active):
  custom:video-decoder-ogg-theora: a1e56fd34408186e4bbccfd4996cb3dc -> 
  custom:container-muxer-webm: aa71ff27fc2769a1b78a27578f13a17b -> 
  custom:container-demuxer-webm: 4f35f7cbe854078d1ac9338744f61a02 -> 
  custom:video-encoder-webm-vp8: eb34c28f22e8b96e1ab97ce403110664 -> 
  custom:audio-encoder-webm-vorbis: bf7c407c2cedff20999df2af8eb42d56 -> 
  custom:framework-win-MediaFoundation: 216162199b28c13a410421893ffa2e32 -> 
  custom:container-demuxer-ogg: 62fdf1f143b41e24485cea50d1cbac27 -> 
  custom:video-decoder-webm-vp8: 9c59270c3fd7afecdb556c50c9e8de78 -> 
  custom:audio-decoder-ogg-vorbis: bf7c407c2cedff20999df2af8eb42d56 -> 
========================================================================
Received Prepare
Registering precompiled user dll's ...
Registered in 0.007310 seconds.
Begin MonoManager ReloadAssembly
Native extension for WindowsStandalone target not found
Native extension for WebGL target not found
Refreshing native plugins compatible for Editor in 0.73 ms, found 4 plugins.
Preloading 0 native plugins for Editor in 0.00 ms.
Mono: successfully reloaded assembly
- Completed reload, in  0.749 seconds
Domain Reload Profiling:
	ReloadAssembly (750ms)
		BeginReloadAssembly (102ms)
			ExecutionOrderSort (0ms)
			DisableScriptedObjects (5ms)
			BackupInstance (0ms)
			ReleaseScriptingObjects (0ms)
			CreateAndSetChildDomain (27ms)
		EndReloadAssembly (577ms)
			LoadAssemblies (69ms)
			RebuildTransferFunctionScriptingTraits (0ms)
			SetupTypeCache (159ms)
			ReleaseScriptCaches (1ms)
			RebuildScriptCaches (28ms)
			SetupLoadedEditorAssemblies (280ms)
				LogAssemblyErrors (0ms)
				InitializePlatformSupportModulesInManaged (10ms)
				SetLoadedEditorAssemblies (0ms)
				RefreshPlugins (1ms)
				BeforeProcessingInitializeOnLoad (57ms)
				ProcessInitializeOnLoadAttributes (177ms)
				ProcessInitializeOnLoadMethodAttributes (26ms)
				AfterProcessingInitializeOnLoad (8ms)
				EditorAssembliesLoaded (0ms)
			ExecutionOrderSort2 (0ms)
			AwakeInstancesAfterBackupRestoration (13ms)
Platform modules already initialized, skipping
Refreshing native plugins compatible for Editor in 2.31 ms, found 4 plugins.
Preloading 0 native plugins for Editor in 0.00 ms.
Unloading 4391 Unused Serialized files (Serialized files now loaded: 0)
Unloading 32 unused Assets / (190.9 KB). Loaded Objects now: 4868.
Memory consumption went from 163.9 MB to 163.7 MB.
Total: 2.831400 ms (FindLiveObjects: 0.229900 ms CreateObjectMapping: 0.108600 ms MarkObjects: 2.294100 ms  DeleteObjects: 0.198100 ms)

AssetImportParameters requested are different than current active one (requested -> active):
  custom:video-decoder-ogg-theora: a1e56fd34408186e4bbccfd4996cb3dc -> 
  custom:container-muxer-webm: aa71ff27fc2769a1b78a27578f13a17b -> 
  custom:container-demuxer-webm: 4f35f7cbe854078d1ac9338744f61a02 -> 
  custom:video-encoder-webm-vp8: eb34c28f22e8b96e1ab97ce403110664 -> 
  custom:audio-encoder-webm-vorbis: bf7c407c2cedff20999df2af8eb42d56 -> 
  custom:framework-win-MediaFoundation: 216162199b28c13a410421893ffa2e32 -> 
  custom:container-demuxer-ogg: 62fdf1f143b41e24485cea50d1cbac27 -> 
  custom:video-decoder-webm-vp8: 9c59270c3fd7afecdb556c50c9e8de78 -> 
  custom:audio-decoder-ogg-vorbis: bf7c407c2cedff20999df2af8eb42d56 -> 
========================================================================
Received Import Request.
  Time since last request: 4418.219751 seconds.
  path: Assets/Art/Cucumber/CucumberRoll1.png
  artifactKey: Guid(134bb3e88bdfecc489af6f2f70017b9f) Importer(815301076,1909f56bfc062723c751e8b465ee728b)
Start importing Assets/Art/Cucumber/CucumberRoll1.png using Guid(134bb3e88bdfecc489af6f2f70017b9f) Importer(815301076,1909f56bfc062723c751e8b465ee728b)  -> (artifact id: '8786f7ab52b8ebbcd4afd07572d11d1b') in 0.131878 seconds 
========================================================================
Received Import Request.
  Time since last request: 0.000017 seconds.
  path: Assets/Art/Cucumber/CucumberRoll18.png
  artifactKey: Guid(22477a0ad5c560c42891f9f64091bedb) Importer(815301076,1909f56bfc062723c751e8b465ee728b)
Start importing Assets/Art/Cucumber/CucumberRoll18.png using Guid(22477a0ad5c560c42891f9f64091bedb) Importer(815301076,1909f56bfc062723c751e8b465ee728b)  -> (artifact id: '27670464882230c933eac95c92841070') in 0.019988 seconds 
========================================================================
Received Import Request.
  Time since last request: 0.000019 seconds.
  path: Assets/Art/Cucumber/CucumberRoll22.png
  artifactKey: Guid(3951e6386ebe0d045ae286b7e469c1fd) Importer(815301076,1909f56bfc062723c751e8b465ee728b)
Start importing Assets/Art/Cucumber/CucumberRoll22.png using Guid(3951e6386ebe0d045ae286b7e469c1fd) Importer(815301076,1909f56bfc062723c751e8b465ee728b)  -> (artifact id: 'fd4b81d93d563764eae87776c6c32ec2') in 0.022499 seconds 
========================================================================
Received Import Request.
  Time since last request: 0.000018 seconds.
  path: Assets/Art/Cucumber/CucumberRoll24.png
  artifactKey: Guid(b8a8ccfe9b632804ebabcadef0b744cf) Importer(815301076,1909f56bfc062723c751e8b465ee728b)
Start importing Assets/Art/Cucumber/CucumberRoll24.png using Guid(b8a8ccfe9b632804ebabcadef0b744cf) Importer(815301076,1909f56bfc062723c751e8b465ee728b)  -> (artifact id: 'cb7ec2c245cd140da717a92ec030e1a7') in 0.019535 seconds 
========================================================================
Received Import Request.
  Time since last request: 0.000017 seconds.
  path: Assets/Art/Cucumber/CucumberRoll19.png
  artifactKey: Guid(f1669b72d07911b47980c330aed4c19b) Importer(815301076,1909f56bfc062723c751e8b465ee728b)
Start importing Assets/Art/Cucumber/CucumberRoll19.png using Guid(f1669b72d07911b47980c330aed4c19b) Importer(815301076,1909f56bfc062723c751e8b465ee728b)  -> (artifact id: '314119b94dcdd84de02115269ac7d25c') in 0.019198 seconds 
========================================================================
Received Import Request.
  Time since last request: 0.000016 seconds.
  path: Assets/Art/Cucumber/CucumberRoll8.png
  artifactKey: Guid(4fa383d6cccb09843a7df0319b479741) Importer(815301076,1909f56bfc062723c751e8b465ee728b)
Start importing Assets/Art/Cucumber/CucumberRoll8.png using Guid(4fa383d6cccb09843a7df0319b479741) Importer(815301076,1909f56bfc062723c751e8b465ee728b)  -> (artifact id: '362c509ad4f308deab222ff1e2d3c251') in 0.018909 seconds 
========================================================================
Received Import Request.
  Time since last request: 0.000018 seconds.
  path: Assets/Art/Cucumber/CucumberRoll11.png
  artifactKey: Guid(699ef3804b6d1804ba651bef570ce81d) Importer(815301076,1909f56bfc062723c751e8b465ee728b)
Start importing Assets/Art/Cucumber/CucumberRoll11.png using Guid(699ef3804b6d1804ba651bef570ce81d) Importer(815301076,1909f56bfc062723c751e8b465ee728b)  -> (artifact id: '2b2c6c614910146f97cc9026a0b069f6') in 0.019323 seconds 
========================================================================
Received Import Request.
  Time since last request: 0.000016 seconds.
  path: Assets/Art/Cucumber/CucumberRoll20.png
  artifactKey: Guid(f136866211b99314b9e8d65844ab4c42) Importer(815301076,1909f56bfc062723c751e8b465ee728b)
Start importing Assets/Art/Cucumber/CucumberRoll20.png using Guid(f136866211b99314b9e8d65844ab4c42) Importer(815301076,1909f56bfc062723c751e8b465ee728b)  -> (artifact id: 'bde86502b271d45ef7baa7efcafadd00') in 0.019522 seconds 
========================================================================
Received Import Request.
  Time since last request: 0.000015 seconds.
  path: Assets/Art/Cucumber/CucumberRoll23.png
  artifactKey: Guid(77789bcdd3033d94a8067645b864da42) Importer(815301076,1909f56bfc062723c751e8b465ee728b)
Start importing Assets/Art/Cucumber/CucumberRoll23.png using Guid(77789bcdd3033d94a8067645b864da42) Importer(815301076,1909f56bfc062723c751e8b465ee728b)  -> (artifact id: 'feb43801fa3245b8d2f3c3cbf09c4760') in 0.022675 seconds 
========================================================================
Received Import Request.
  Time since last request: 0.000016 seconds.
  path: Assets/Art/Cucumber/CucumberRoll13.png
  artifactKey: Guid(acffa86cf74566743b4fc619f2b12038) Importer(815301076,1909f56bfc062723c751e8b465ee728b)
Start importing Assets/Art/Cucumber/CucumberRoll13.png using Guid(acffa86cf74566743b4fc619f2b12038) Importer(815301076,1909f56bfc062723c751e8b465ee728b)  -> (artifact id: 'b5e357b02e7bb037d3e88ba6cfe68fe2') in 0.022785 seconds 
========================================================================
Received Import Request.
  Time since last request: 0.000015 seconds.
  path: Assets/Art/Cucumber/CucumberRoll21.png
  artifactKey: Guid(1282622e316083946af7668e2e18ac63) Importer(815301076,1909f56bfc062723c751e8b465ee728b)
Start importing Assets/Art/Cucumber/CucumberRoll21.png using Guid(1282622e316083946af7668e2e18ac63) Importer(815301076,1909f56bfc062723c751e8b465ee728b)  -> (artifact id: 'ddb02b9fbfef98aadce0b182448bc172') in 0.022171 seconds 
========================================================================
Received Import Request.
  Time since last request: 0.000020 seconds.
  path: Assets/Art/Cucumber/CucumberRoll3.png
  artifactKey: Guid(ad942c87a38bad04984da292fdeeec03) Importer(815301076,1909f56bfc062723c751e8b465ee728b)
Start importing Assets/Art/Cucumber/CucumberRoll3.png using Guid(ad942c87a38bad04984da292fdeeec03) Importer(815301076,1909f56bfc062723c751e8b465ee728b)  -> (artifact id: '8eb7bbc0d97f2df9f744b129a4c923d7') in 0.026590 seconds 
========================================================================
Received Prepare
Registering precompiled user dll's ...
Registered in 0.007092 seconds.
Begin MonoManager ReloadAssembly
Native extension for WindowsStandalone target not found
Native extension for WebGL target not found
Refreshing native plugins compatible for Editor in 0.75 ms, found 4 plugins.
Preloading 0 native plugins for Editor in 0.00 ms.
Mono: successfully reloaded assembly
- Completed reload, in  0.778 seconds
Domain Reload Profiling:
	ReloadAssembly (779ms)
		BeginReloadAssembly (107ms)
			ExecutionOrderSort (0ms)
			DisableScriptedObjects (6ms)
			BackupInstance (0ms)
			ReleaseScriptingObjects (0ms)
			CreateAndSetChildDomain (32ms)
		EndReloadAssembly (595ms)
			LoadAssemblies (74ms)
			RebuildTransferFunctionScriptingTraits (0ms)
			SetupTypeCache (162ms)
			ReleaseScriptCaches (1ms)
			RebuildScriptCaches (29ms)
			SetupLoadedEditorAssemblies (287ms)
				LogAssemblyErrors (0ms)
				InitializePlatformSupportModulesInManaged (10ms)
				SetLoadedEditorAssemblies (0ms)
				RefreshPlugins (1ms)
				BeforeProcessingInitializeOnLoad (58ms)
				ProcessInitializeOnLoadAttributes (184ms)
				ProcessInitializeOnLoadMethodAttributes (26ms)
				AfterProcessingInitializeOnLoad (8ms)
				EditorAssembliesLoaded (0ms)
			ExecutionOrderSort2 (0ms)
			AwakeInstancesAfterBackupRestoration (13ms)
Platform modules already initialized, skipping
Refreshing native plugins compatible for Editor in 2.21 ms, found 4 plugins.
Preloading 0 native plugins for Editor in 0.00 ms.
Unloading 4391 Unused Serialized files (Serialized files now loaded: 0)
Unloading 32 unused Assets / (189.7 KB). Loaded Objects now: 4877.
Memory consumption went from 168.3 MB to 168.1 MB.
Total: 2.962200 ms (FindLiveObjects: 0.259800 ms CreateObjectMapping: 0.110200 ms MarkObjects: 2.474800 ms  DeleteObjects: 0.116800 ms)

AssetImportParameters requested are different than current active one (requested -> active):
  custom:video-decoder-ogg-theora: a1e56fd34408186e4bbccfd4996cb3dc -> 
  custom:container-muxer-webm: aa71ff27fc2769a1b78a27578f13a17b -> 
  custom:container-demuxer-webm: 4f35f7cbe854078d1ac9338744f61a02 -> 
  custom:video-encoder-webm-vp8: eb34c28f22e8b96e1ab97ce403110664 -> 
  custom:audio-encoder-webm-vorbis: bf7c407c2cedff20999df2af8eb42d56 -> 
  custom:framework-win-MediaFoundation: 216162199b28c13a410421893ffa2e32 -> 
  custom:container-demuxer-ogg: 62fdf1f143b41e24485cea50d1cbac27 -> 
  custom:video-decoder-webm-vp8: 9c59270c3fd7afecdb556c50c9e8de78 -> 
  custom:audio-decoder-ogg-vorbis: bf7c407c2cedff20999df2af8eb42d56 -> 
========================================================================
Received Prepare
Registering precompiled user dll's ...
Registered in 0.006312 seconds.
Begin MonoManager ReloadAssembly
Native extension for WindowsStandalone target not found
Native extension for WebGL target not found
Refreshing native plugins compatible for Editor in 0.74 ms, found 4 plugins.
Preloading 0 native plugins for Editor in 0.00 ms.
Mono: successfully reloaded assembly
- Completed reload, in  0.773 seconds
Domain Reload Profiling:
	ReloadAssembly (774ms)
		BeginReloadAssembly (107ms)
			ExecutionOrderSort (0ms)
			DisableScriptedObjects (7ms)
			BackupInstance (0ms)
			ReleaseScriptingObjects (0ms)
			CreateAndSetChildDomain (29ms)
		EndReloadAssembly (594ms)
			LoadAssemblies (68ms)
			RebuildTransferFunctionScriptingTraits (0ms)
			SetupTypeCache (162ms)
			ReleaseScriptCaches (1ms)
			RebuildScriptCaches (29ms)
			SetupLoadedEditorAssemblies (289ms)
				LogAssemblyErrors (0ms)
				InitializePlatformSupportModulesInManaged (13ms)
				SetLoadedEditorAssemblies (0ms)
				RefreshPlugins (1ms)
				BeforeProcessingInitializeOnLoad (60ms)
				ProcessInitializeOnLoadAttributes (182ms)
				ProcessInitializeOnLoadMethodAttributes (24ms)
				AfterProcessingInitializeOnLoad (9ms)
				EditorAssembliesLoaded (0ms)
			ExecutionOrderSort2 (0ms)
			AwakeInstancesAfterBackupRestoration (13ms)
Platform modules already initialized, skipping
Refreshing native plugins compatible for Editor in 2.17 ms, found 4 plugins.
Preloading 0 native plugins for Editor in 0.00 ms.
Unloading 4391 Unused Serialized files (Serialized files now loaded: 0)
Unloading 32 unused Assets / (189.7 KB). Loaded Objects now: 4880.
Memory consumption went from 168.3 MB to 168.1 MB.
Total: 3.164800 ms (FindLiveObjects: 0.270100 ms CreateObjectMapping: 0.191300 ms MarkObjects: 2.580700 ms  DeleteObjects: 0.122000 ms)

AssetImportParameters requested are different than current active one (requested -> active):
  custom:video-decoder-ogg-theora: a1e56fd34408186e4bbccfd4996cb3dc -> 
  custom:container-muxer-webm: aa71ff27fc2769a1b78a27578f13a17b -> 
  custom:container-demuxer-webm: 4f35f7cbe854078d1ac9338744f61a02 -> 
  custom:video-encoder-webm-vp8: eb34c28f22e8b96e1ab97ce403110664 -> 
  custom:audio-encoder-webm-vorbis: bf7c407c2cedff20999df2af8eb42d56 -> 
  custom:framework-win-MediaFoundation: 216162199b28c13a410421893ffa2e32 -> 
  custom:container-demuxer-ogg: 62fdf1f143b41e24485cea50d1cbac27 -> 
  custom:video-decoder-webm-vp8: 9c59270c3fd7afecdb556c50c9e8de78 -> 
  custom:audio-decoder-ogg-vorbis: bf7c407c2cedff20999df2af8eb42d56 -> 
========================================================================
Received Import Request.
  Time since last request: 3461.871293 seconds.
  path: Assets/Art/Cucumber/CucumberRollX2.png
  artifactKey: Guid(4ddf5309975e22a479fbfd83649f4dd6) Importer(815301076,1909f56bfc062723c751e8b465ee728b)
Start importing Assets/Art/Cucumber/CucumberRollX2.png using Guid(4ddf5309975e22a479fbfd83649f4dd6) Importer(815301076,1909f56bfc062723c751e8b465ee728b)  -> (artifact id: 'd73a579a657a85a45838475f8a5fe162') in 0.060448 seconds 
========================================================================
Received Import Request.
  Time since last request: 0.000018 seconds.
  path: Assets/Art/Cucumber/CucumberRollX27.png
  artifactKey: Guid(8ab4c42afa4e90d44ae67f6c2a9763cb) Importer(815301076,1909f56bfc062723c751e8b465ee728b)
Start importing Assets/Art/Cucumber/CucumberRollX27.png using Guid(8ab4c42afa4e90d44ae67f6c2a9763cb) Importer(815301076,1909f56bfc062723c751e8b465ee728b)  -> (artifact id: 'ba74551223f92325d197c27051f01f91') in 0.020293 seconds 
========================================================================
Received Import Request.
  Time since last request: 0.000025 seconds.
  path: Assets/Art/Cucumber/CucumberRollY3.png
  artifactKey: Guid(df82983f52c30ef4c98c0ff248a7fcb3) Importer(815301076,1909f56bfc062723c751e8b465ee728b)
Start importing Assets/Art/Cucumber/CucumberRollY3.png using Guid(df82983f52c30ef4c98c0ff248a7fcb3) Importer(815301076,1909f56bfc062723c751e8b465ee728b)  -> (artifact id: '2eae2ece858ec057e379c6d5b201e66e') in 0.029821 seconds 
========================================================================
Received Import Request.
  Time since last request: 0.000018 seconds.
  path: Assets/Art/Cucumber/CucumberRollY20.png
  artifactKey: Guid(885829f7f74e2ef44a1816dd1ec64ca3) Importer(815301076,1909f56bfc062723c751e8b465ee728b)
Start importing Assets/Art/Cucumber/CucumberRollY20.png using Guid(885829f7f74e2ef44a1816dd1ec64ca3) Importer(815301076,1909f56bfc062723c751e8b465ee728b)  -> (artifact id: '8c10226bd1953ee9b982d7a4ad6ca679') in 0.028182 seconds 
========================================================================
Received Import Request.
  Time since last request: 0.000019 seconds.
  path: Assets/Art/Cucumber/CucumberRollX26.png
  artifactKey: Guid(76c2365559d8f964ebecead9e71b8299) Importer(815301076,1909f56bfc062723c751e8b465ee728b)
Start importing Assets/Art/Cucumber/CucumberRollX26.png using Guid(76c2365559d8f964ebecead9e71b8299) Importer(815301076,1909f56bfc062723c751e8b465ee728b)  -> (artifact id: '8111ed7b089b976a2e42e978c872e79c') in 0.026033 seconds 
========================================================================
Received Import Request.
  Time since last request: 0.000015 seconds.
  path: Assets/Art/Cucumber/CucumberRollY1.png
  artifactKey: Guid(997f89336a6b77145b3c4b2504dcfab8) Importer(815301076,1909f56bfc062723c751e8b465ee728b)
Start importing Assets/Art/Cucumber/CucumberRollY1.png using Guid(997f89336a6b77145b3c4b2504dcfab8) Importer(815301076,1909f56bfc062723c751e8b465ee728b)  -> (artifact id: '0742723bf5487425c200232c432f1d7b') in 0.029702 seconds 
========================================================================
Received Import Request.
  Time since last request: 0.000023 seconds.
  path: Assets/Art/Cucumber/CucumberRollY19.png
  artifactKey: Guid(3eee2e251fc793c48842247a9b71dd29) Importer(815301076,1909f56bfc062723c751e8b465ee728b)
Start importing Assets/Art/Cucumber/CucumberRollY19.png using Guid(3eee2e251fc793c48842247a9b71dd29) Importer(815301076,1909f56bfc062723c751e8b465ee728b)  -> (artifact id: '86bd6cd8759c220dc5071d7ee11812a8') in 0.024765 seconds 
========================================================================
Received Import Request.
  Time since last request: 0.000018 seconds.
  path: Assets/Art/Cucumber/CucumberRollY13.png
  artifactKey: Guid(867a26d58a5f1574b9c0b220e0d2b13b) Importer(815301076,1909f56bfc062723c751e8b465ee728b)
Start importing Assets/Art/Cucumber/CucumberRollY13.png using Guid(867a26d58a5f1574b9c0b220e0d2b13b) Importer(815301076,1909f56bfc062723c751e8b465ee728b)  -> (artifact id: '14b80ab4eb37979630677b96236af06a') in 0.018854 seconds 
========================================================================
Received Import Request.
  Time since last request: 0.000016 seconds.
  path: Assets/Art/Cucumber/CucumberRollY11.png
  artifactKey: Guid(d19d93271fcc2314ebb2af0975933f59) Importer(815301076,1909f56bfc062723c751e8b465ee728b)
Start importing Assets/Art/Cucumber/CucumberRollY11.png using Guid(d19d93271fcc2314ebb2af0975933f59) Importer(815301076,1909f56bfc062723c751e8b465ee728b)  -> (artifact id: '4ef8187c32290d6f7b0fe3f9d7490e37') in 0.018237 seconds 
========================================================================
Received Import Request.
  Time since last request: 0.000019 seconds.
  path: Assets/Art/Cucumber/CucumberRollX21.png
  artifactKey: Guid(6d93aebe4d0f0224b94b1af6ed7410dd) Importer(815301076,1909f56bfc062723c751e8b465ee728b)
Start importing Assets/Art/Cucumber/CucumberRollX21.png using Guid(6d93aebe4d0f0224b94b1af6ed7410dd) Importer(815301076,1909f56bfc062723c751e8b465ee728b)  -> (artifact id: 'fc59c3238ccc205951bc7f5c5d283b31') in 0.018496 seconds 
========================================================================
Received Import Request.
  Time since last request: 0.000022 seconds.
  path: Assets/Art/Cucumber/CucumberRollY9.png
  artifactKey: Guid(3773b05edf64913419d16c385f8172e2) Importer(815301076,1909f56bfc062723c751e8b465ee728b)
Start importing Assets/Art/Cucumber/CucumberRollY9.png using Guid(3773b05edf64913419d16c385f8172e2) Importer(815301076,1909f56bfc062723c751e8b465ee728b)  -> (artifact id: '3ced0e488e90fe5ebc41965d4136075d') in 0.021377 seconds 
========================================================================
Received Import Request.
  Time since last request: 0.000016 seconds.
  path: Assets/Art/Cucumber/CucumberRollX5.png
  artifactKey: Guid(660a7a2bdb9e68943a36a94ec04f12b1) Importer(815301076,1909f56bfc062723c751e8b465ee728b)
Start importing Assets/Art/Cucumber/CucumberRollX5.png using Guid(660a7a2bdb9e68943a36a94ec04f12b1) Importer(815301076,1909f56bfc062723c751e8b465ee728b)  -> (artifact id: 'bf011fccb6643ad684dac6e248347774') in 0.017892 seconds 
========================================================================
Received Import Request.
  Time since last request: 0.000015 seconds.
  path: Assets/Art/Cucumber/CucumberRollY16.png
  artifactKey: Guid(d4258914458f55c40afbab1da73f318b) Importer(815301076,1909f56bfc062723c751e8b465ee728b)
Start importing Assets/Art/Cucumber/CucumberRollY16.png using Guid(d4258914458f55c40afbab1da73f318b) Importer(815301076,1909f56bfc062723c751e8b465ee728b)  -> (artifact id: '90ef4319ae074d8adb29237a7f0a1ff8') in 0.017301 seconds 
========================================================================
Received Import Request.
  Time since last request: 0.000015 seconds.
  path: Assets/Art/Cucumber/CucumberRollX24.png
  artifactKey: Guid(7e6152a821bb7d94cbe95c953a5fa0f4) Importer(815301076,1909f56bfc062723c751e8b465ee728b)
Start importing Assets/Art/Cucumber/CucumberRollX24.png using Guid(7e6152a821bb7d94cbe95c953a5fa0f4) Importer(815301076,1909f56bfc062723c751e8b465ee728b)  -> (artifact id: '19d2ca87259831c14a4c2cc0c2a83ded') in 0.019001 seconds 
========================================================================
Received Import Request.
  Time since last request: 0.000014 seconds.
  path: Assets/Art/Cucumber/CucumberRollY4.png
  artifactKey: Guid(b9235b2bf3b33ae44ba86ddc839b4913) Importer(815301076,1909f56bfc062723c751e8b465ee728b)
Start importing Assets/Art/Cucumber/CucumberRollY4.png using Guid(b9235b2bf3b33ae44ba86ddc839b4913) Importer(815301076,1909f56bfc062723c751e8b465ee728b)  -> (artifact id: '93b8cbb2a9a117505d14bce70ee97e7a') in 0.018189 seconds 
========================================================================
Received Import Request.
  Time since last request: 0.000021 seconds.
  path: Assets/Art/Cucumber/CucumberRollX6.png
  artifactKey: Guid(f0f1c318c4d11be4b866fab4917f94b5) Importer(815301076,1909f56bfc062723c751e8b465ee728b)
Start importing Assets/Art/Cucumber/CucumberRollX6.png using Guid(f0f1c318c4d11be4b866fab4917f94b5) Importer(815301076,1909f56bfc062723c751e8b465ee728b)  -> (artifact id: 'd8590460f93e8ab202a0fca6d74b5f05') in 0.020118 seconds 
========================================================================
Received Import Request.
  Time since last request: 0.000019 seconds.
  path: Assets/Art/Cucumber/CucumberRollX19.png
  artifactKey: Guid(6f3f028f98d4acb47aadc577f5479d4f) Importer(815301076,1909f56bfc062723c751e8b465ee728b)
Start importing Assets/Art/Cucumber/CucumberRollX19.png using Guid(6f3f028f98d4acb47aadc577f5479d4f) Importer(815301076,1909f56bfc062723c751e8b465ee728b)  -> (artifact id: '143b24165c4845fdbfa05a1edfd3b761') in 0.020343 seconds 
========================================================================
Received Import Request.
  Time since last request: 0.000017 seconds.
  path: Assets/Art/Cucumber/CucumberRollX16.png
  artifactKey: Guid(ad7daf8a7c020f64d955cffd5b49d806) Importer(815301076,1909f56bfc062723c751e8b465ee728b)
Start importing Assets/Art/Cucumber/CucumberRollX16.png using Guid(ad7daf8a7c020f64d955cffd5b49d806) Importer(815301076,1909f56bfc062723c751e8b465ee728b)  -> (artifact id: '825a383e18b254228ad59d6609afc5ef') in 0.019898 seconds 
========================================================================
Received Import Request.
  Time since last request: 0.000017 seconds.
  path: Assets/Art/Cucumber/CucumberRollY21.png
  artifactKey: Guid(24f90f3147604ac4caffa2b9390bf0f6) Importer(815301076,1909f56bfc062723c751e8b465ee728b)
Start importing Assets/Art/Cucumber/CucumberRollY21.png using Guid(24f90f3147604ac4caffa2b9390bf0f6) Importer(815301076,1909f56bfc062723c751e8b465ee728b)  -> (artifact id: '8a14383b11abb11d56a8dc63779f785a') in 0.017697 seconds 
========================================================================
Received Import Request.
  Time since last request: 0.000021 seconds.
  path: Assets/Art/Cucumber/CucumberRollY22.png
  artifactKey: Guid(f8fb087066ebdb342aa7c184daef2e18) Importer(815301076,1909f56bfc062723c751e8b465ee728b)
Start importing Assets/Art/Cucumber/CucumberRollY22.png using Guid(f8fb087066ebdb342aa7c184daef2e18) Importer(815301076,1909f56bfc062723c751e8b465ee728b)  -> (artifact id: '130e5fbdde32d2823bf4b2bf3df2a929') in 0.020136 seconds 
========================================================================
Received Import Request.
  Time since last request: 0.000032 seconds.
  path: Assets/Art/Cucumber/CucumberRollX8.png
  artifactKey: Guid(a1f91348027021b4e8588aee713c9901) Importer(815301076,1909f56bfc062723c751e8b465ee728b)
Start importing Assets/Art/Cucumber/CucumberRollX8.png using Guid(a1f91348027021b4e8588aee713c9901) Importer(815301076,1909f56bfc062723c751e8b465ee728b)  -> (artifact id: 'd8d4f65693d9bc29590045dd237b099d') in 0.019818 seconds 
========================================================================
Received Import Request.
  Time since last request: 0.000021 seconds.
  path: Assets/Art/Cucumber/CucumberRollX23.png
  artifactKey: Guid(bf0c87e1d6d6de54eb5d395603564fe3) Importer(815301076,1909f56bfc062723c751e8b465ee728b)
Start importing Assets/Art/Cucumber/CucumberRollX23.png using Guid(bf0c87e1d6d6de54eb5d395603564fe3) Importer(815301076,1909f56bfc062723c751e8b465ee728b)  -> (artifact id: '2ce0c3eaf94b89f29ae9a09970e0f808') in 0.019860 seconds 
========================================================================
Received Import Request.
  Time since last request: 0.000013 seconds.
  path: Assets/Art/Cucumber/CucumberRollY7.png
  artifactKey: Guid(ee7b28a5eab11224b96f6c6378b70225) Importer(815301076,1909f56bfc062723c751e8b465ee728b)
Start importing Assets/Art/Cucumber/CucumberRollY7.png using Guid(ee7b28a5eab11224b96f6c6378b70225) Importer(815301076,1909f56bfc062723c751e8b465ee728b)  -> (artifact id: '056e571db14ee5a4327231e9089d85fa') in 0.018675 seconds 
========================================================================
Received Import Request.
  Time since last request: 0.000013 seconds.
  path: Assets/Art/Cucumber/CucumberRollY18.png
  artifactKey: Guid(04742d55fd95c0e42bb65e5f65afd9ae) Importer(815301076,1909f56bfc062723c751e8b465ee728b)
Start importing Assets/Art/Cucumber/CucumberRollY18.png using Guid(04742d55fd95c0e42bb65e5f65afd9ae) Importer(815301076,1909f56bfc062723c751e8b465ee728b)  -> (artifact id: 'be9b6fc29b867e8d70280c061019fbe9') in 0.018072 seconds 
========================================================================
Received Import Request.
  Time since last request: 0.000018 seconds.
  path: Assets/Art/Cucumber/CucumberRollX14.png
  artifactKey: Guid(06d1964999273a24bb60aaa5a4266298) Importer(815301076,1909f56bfc062723c751e8b465ee728b)
Start importing Assets/Art/Cucumber/CucumberRollX14.png using Guid(06d1964999273a24bb60aaa5a4266298) Importer(815301076,1909f56bfc062723c751e8b465ee728b)  -> (artifact id: '3dfe28a0da193737a3d100ddaa666042') in 0.019544 seconds 
========================================================================
Received Import Request.
  Time since last request: 0.000021 seconds.
  path: Assets/Art/Cucumber/CucumberRollX17.png
  artifactKey: Guid(e6f4ca4fd9cb3694badee615a68e5db0) Importer(815301076,1909f56bfc062723c751e8b465ee728b)
Start importing Assets/Art/Cucumber/CucumberRollX17.png using Guid(e6f4ca4fd9cb3694badee615a68e5db0) Importer(815301076,1909f56bfc062723c751e8b465ee728b)  -> (artifact id: 'bfdd8ef2212c35bd6d57e6dd111734e0') in 0.020077 seconds 
========================================================================
Received Import Request.
  Time since last request: 0.000015 seconds.
  path: Assets/Art/Cucumber/CucumberRollX9.png
  artifactKey: Guid(ef25183a56297c2478094e649c6ae838) Importer(815301076,1909f56bfc062723c751e8b465ee728b)
Start importing Assets/Art/Cucumber/CucumberRollX9.png using Guid(ef25183a56297c2478094e649c6ae838) Importer(815301076,1909f56bfc062723c751e8b465ee728b)  -> (artifact id: '45cde7ce64edbfaa572b9d3d76cde48d') in 0.018522 seconds 
Editor requested this worker to shutdown with reason: Scaling down because of idle timeout
AssetImportWorker is now disconnected from the server
Process exiting
Exiting without the bug reporter. Application will terminate with return code 0